0 info it worked if it ends with ok
1 verbose cli [ 'C:\\Program Files\\nodejs\\node.exe',
1 verbose cli   'C:\\Users\\Daniel\\AppData\\Roaming\\npm\\node_modules\\npm\\bin\\npm-cli.js',
1 verbose cli   'start' ]
2 info using npm@3.10.5
3 info using node@v9.5.0
4 verbose run-script [ 'prestart', 'start', 'poststart' ]
5 info lifecycle MHBOT@1.0.0~prestart: MHBOT@1.0.0
6 silly lifecycle MHBOT@1.0.0~prestart: no script for prestart, continuing
7 info lifecycle MHBOT@1.0.0~start: MHBOT@1.0.0
8 verbose lifecycle MHBOT@1.0.0~start: unsafe-perm in lifecycle true
9 verbose lifecycle MHBOT@1.0.0~start: PATH: C:\Users\Daniel\AppData\Roaming\npm\node_modules\npm\bin\node-gyp-bin;C:\Users\Daniel\Documents\GitHub\MHDiscordBot\node_modules\.bin;C:\Program Files\nodejs;C:\Users\Daniel\AppData\Local\GitHub\PortableGit_f02737a78695063deace08e96d5042710d3e32db\cmd;C:\Users\Daniel\AppData\Local\GitHub\PortableGit_f02737a78695063deace08e96d5042710d3e32db\usr\bin;C:\Users\Daniel\AppData\Local\GitHub\PortableGit_f02737a78695063deace08e96d5042710d3e32db\usr\share\git-tfs;C:\Users\Daniel\AppData\Local\Apps\2.0\QDW0JDMG.DPN\Z6OLBEA3.959\gith..tion_317444273a93ac29_0003.0003_5794af8169eeff14;C:\Users\Daniel\AppData\Local\GitHub\lfs-amd64_1.5.5;C:\Users\Daniel\AppData\Local\Apps\2.0\QDW0JDMG.DPN\Z6OLBEA3.959\gith..tion_317444273a93ac29_0003.0003_5794af8169eeff14\NativeBinaries\x86;C:\Program Files\NVIDIA GPU Computing Toolkit\CUDA\v8.0\bin;C:\Program Files\NVIDIA GPU Computing Toolkit\CUDA\v8.0\libnvvp;C:\RailsInstaller\Git\cmd;C:\RailsInstaller\Ruby2.2.0\bin;C:\tools\ruby23\bin;C:\Ruby23\bin;C:\ProgramData\Oracle\Java\javapath;C:\Windows\system32;C:\Windows;C:\Windows\System32\Wbem;C:\Windows\System32\WindowsPowerShell\v1.0\;c:\Program Files (x86)\Common Files\Adobe\AGL;C:\Program Files (x86)\Heroku\bin;C:\Program Files\apache-ant-1.9.4\bin\;C:\Program Files\Java\jdk1.8.0_25\jre\bin;C:\Program Files\Java\jdk1.8.0_25\bin;C:\Program Files\Amazon\AWSCLI\;C:\Program Files (x86)\NVIDIA Corporation\PhysX\Common;C:\Program Files (x86)\GtkSharp\2.12\bin;C:\Program Files (x86)\WinMerge;C:\Users\Daniel\AppData\Roaming\nvm;C:\Program Files\nodejs;C:\Windows\System32\WindowsPowerShell\v1.0\;C:\ProgramData\chocolatey\bin;C:\Program Files (x86)\git\cmd;C:\Program Files (x86)\Git\cmd;C:\Program Files\Git\cmd;C:\Program Files\Microsoft DNX\Dnvm\;C:\Program Files\Microsoft SQL Server\130\Tools\Binn\;C:\Program Files\dotnet\;C:\Program Files (x86)\Windows Kits\10\Windows Performance Toolkit\;C:\Program Files (x86)\Skype\Phone\;C:\Progra~1\apache-maven-3.3.9\bin;C:\Program Files\TortoiseHg\;C:\Windows\System32\WindowsPowerShell\v1.0\;C:\Windows\System32\WindowsPowerShell\v1.0\;C:\Windows\System32\WindowsPowerShell\v1.0\;C:\Program Files (x86)\Brackets\command;C:\Program Files (x86)\Common Files\Apple\Internet Services\;C:\Program Files\nodejs\;C:\Progra~1\apache-maven-3.3.9\bin;C:\Users\Daniel\AppData\Local\Programs\Python\Python35-32\Scripts\;C:\Users\Daniel\AppData\Local\Programs\Python\Python35-32\;C:\Program Files (x86)\OpenVPN\bin;C:\Program Files (x86)\GnuWin32\bin;C:\Program Files\Sublime Text 3;C:\Program Files\Sublime Text 2;C:\Users\Daniel\AppData\Roaming\Dashlane\3.2.6.89099\bin\Firefox_Extension\{442718d9-475e-452a-b3e1-fb1ee16b8e9f}\components;C:\Users\Daniel\AppData\Roaming\Dashlane\3.5.0.89717\bin\Firefox_Extension\{442718d9-475e-452a-b3e1-fb1ee16b8e9f}\components;C:\Program Files\Docker Toolbox;C:\Users\Daniel\AppData\Local\atom\bin;C:\Program Files (x86)\Microsoft VS Code\bin;C:\Program Files\MongoDB\Server\3.2\bin;C:\Progra~1\apache-maven-3.3.9\bin;C:\Program Files\nodejs;C:\python27;C:\Program Files\nodejs;C:\Users\Daniel\AppData\Local\.meteor\;c:\Ruby23\bin;C:\PROGRA~1\CMake\bin;C:\MinGW\bin;C:\Users\Daniel\AppData\Roaming\npm;C:\Program Files (x86)\MSBuild\14.0\bin\;C:\Program Files (x86)\Microsoft SDKs\Windows\v8.1A\bin\NETFX 4.5.1 Tools\x64
10 verbose lifecycle MHBOT@1.0.0~start: CWD: C:\Users\Daniel\Documents\GitHub\MHDiscordBot
11 silly lifecycle MHBOT@1.0.0~start: Args: [ '/d /s /c', 'node bot.js' ]
12 silly lifecycle MHBOT@1.0.0~start: Returned: code: 1  signal: null
13 info lifecycle MHBOT@1.0.0~start: Failed to exec start script
14 verbose stack Error: MHBOT@1.0.0 start: `node bot.js`
14 verbose stack Exit status 1
14 verbose stack     at EventEmitter.<anonymous> (C:\Users\Daniel\AppData\Roaming\npm\node_modules\npm\lib\utils\lifecycle.js:242:16)
14 verbose stack     at EventEmitter.emit (events.js:160:13)
14 verbose stack     at ChildProcess.<anonymous> (C:\Users\Daniel\AppData\Roaming\npm\node_modules\npm\lib\utils\spawn.js:40:14)
14 verbose stack     at ChildProcess.emit (events.js:160:13)
14 verbose stack     at maybeClose (internal/child_process.js:943:16)
14 verbose stack     at Process.ChildProcess._handle.onexit (internal/child_process.js:220:5)
15 verbose pkgid MHBOT@1.0.0
16 verbose cwd C:\Users\Daniel\Documents\GitHub\MHDiscordBot
17 error Windows_NT 6.1.7601
18 error argv "C:\\Program Files\\nodejs\\node.exe" "C:\\Users\\Daniel\\AppData\\Roaming\\npm\\node_modules\\npm\\bin\\npm-cli.js" "start"
19 error node v9.5.0
20 error npm  v3.10.5
21 error code ELIFECYCLE
22 error MHBOT@1.0.0 start: `node bot.js`
22 error Exit status 1
23 error Failed at the MHBOT@1.0.0 start script 'node bot.js'.
23 error Make sure you have the latest version of node.js and npm installed.
23 error If you do, this is most likely a problem with the MHBOT package,
23 error not with npm itself.
23 error Tell the author that this fails on your system:
23 error     node bot.js
23 error You can get information on how to open an issue for this project with:
23 error     npm bugs MHBOT
23 error Or if that isn't available, you can get their info via:
23 error     npm owner ls MHBOT
23 error There is likely additional logging output above.
24 verbose exit [ 1, true ]
